<?xml version="1.0" encoding="UTF-8"?>
<!-- Generated by org.testng.reporters.JUnitReportReporter -->
<testsuite hostname="DESKTOP-QTP7HJ6" failures="0" tests="1" name="com.testpackage.OpenCartTest" time="52.820" errors="0" timestamp="2023-10-17T13:01:47 IST" skipped="0">
  <testcase classname="com.testpackage.OpenCartTest" name="test1" time="52.820"/>
  <system-out/>
</testsuite> <!-- com.testpackage.OpenCartTest -->
